<?xml version="1.0" encoding="UTF-8"?>
<testng-results skipped="0" failed="1" ignored="0" total="1" passed="0">
  <reporter-output>
  </reporter-output>
  <suite name="Suite" duration-ms="10910" started-at="2022-07-14T06:27:27Z" finished-at="2022-07-14T06:27:38Z">
    <groups>
    </groups>
    <test name="Test" duration-ms="10910" started-at="2022-07-14T06:27:27Z" finished-at="2022-07-14T06:27:38Z">
      <class name="org.run.Old_Vehicle">
        <test-method status="FAIL" signature="row1(java.lang.String, java.lang.String, java.lang.String, java.lang.String, java.lang.String, java.lang.String, java.lang.String, java.lang.String, java.lang.String, java.lang.String, java.lang.String, java.lang.String, java.lang.String, java.lang.String, java.lang.String, java.lang.String, java.lang.String, java.lang.String, java.lang.String, java.lang.String, java.lang.String, java.lang.String, java.lang.String, java.lang.String, java.lang.String, java.lang.String, java.lang.String, java.lang.String, java.lang.String, java.lang.String, java.lang.String, java.lang.String, java.lang.String, java.lang.String, java.lang.String, java.lang.String)[pri:0, instance:org.run.Old_Vehicle@60438a68]" name="row1" duration-ms="9708" started-at="2022-07-14T11:57:29Z" data-provider="getTestData" finished-at="2022-07-14T11:57:38Z">
          <params>
            <param index="0">
              <value>
                <![CDATA[TN07AS5897]]>
              </value>
            </param>
            <param index="1">
              <value>
                <![CDATA[9865478116]]>
              </value>
            </param>
            <param index="2">
              <value>
                <![CDATA[1]]>
              </value>
            </param>
            <param index="3">
              <value>
                <![CDATA[TN07AS5897]]>
              </value>
            </param>
            <param index="4">
              <value>
                <![CDATA[Hyu]]>
              </value>
            </param>
            <param index="5">
              <value>
                <![CDATA[1.6 Dual VTVT 6Speed Base (MT) Petrol 1591]]>
              </value>
            </param>
            <param index="6">
              <value>
                <![CDATA[28062013]]>
              </value>
            </param>
            <param index="7">
              <value>
                <![CDATA[Individual]]>
              </value>
            </param>
            <param index="8">
              <value>
                <![CDATA[Pune - Maharashtra]]>
              </value>
            </param>
            <param index="9">
              <value>
                <![CDATA[]]>
              </value>
            </param>
            <param index="10">
              <value>
                <![CDATA[]]>
              </value>
            </param>
            <param index="11">
              <value>
                <![CDATA[Comprehensive]]>
              </value>
            </param>
            <param index="12">
              <value>
                <![CDATA[15052022]]>
              </value>
            </param>
            <param index="13">
              <value>
                <![CDATA[Pioneer]]>
              </value>
            </param>
            <param index="14">
              <value>
                <![CDATA[12,000]]>
              </value>
            </param>
            <param index="15">
              <value>
                <![CDATA[Leather seat]]>
              </value>
            </param>
            <param index="16">
              <value>
                <![CDATA[8,000]]>
              </value>
            </param>
            <param index="17">
              <value>
                <![CDATA[]]>
              </value>
            </param>
            <param index="18">
              <value>
                <![CDATA[18,000]]>
              </value>
            </param>
            <param index="19">
              <value>
                <![CDATA[Zayn malik]]>
              </value>
            </param>
            <param index="20">
              <value>
                <![CDATA[6123456789]]>
              </value>
            </param>
            <param index="21">
              <value>
                <![CDATA[zayn@gmail.com]]>
              </value>
            </param>
            <param index="22">
              <value>
                <![CDATA[Srp tools]]>
              </value>
            </param>
            <param index="23">
              <value>
                <![CDATA[Chennai]]>
              </value>
            </param>
            <param index="24">
              <value>
                <![CDATA[641006]]>
              </value>
            </param>
            <param index="25">
              <value>
                <![CDATA[Thomas shelby]]>
              </value>
            </param>
            <param index="26">
              <value>
                <![CDATA[20]]>
              </value>
            </param>
            <param index="27">
              <value>
                <![CDATA[Father]]>
              </value>
            </param>
            <param index="28">
              <value>
                <![CDATA[HC4UR900DJ8400000]]>
              </value>
            </param>
            <param index="29">
              <value>
                <![CDATA[RF10G9485749]]>
              </value>
            </param>
            <param index="30">
              <value>
                <![CDATA[]]>
              </value>
            </param>
            <param index="31">
              <value>
                <![CDATA[R]]>
              </value>
            </param>
            <param index="32">
              <value>
                <![CDATA[Gandhipuram]]>
              </value>
            </param>
            <param index="33">
              <value>
                <![CDATA[HDFC]]>
              </value>
            </param>
            <param index="34">
              <value>
                <![CDATA[sad5sf54a]]>
              </value>
            </param>
            <param index="35">
              <value>
                <![CDATA[10-05-2022]]>
              </value>
            </param>
          </params>
          <exception class="org.openqa.selenium.ElementNotInteractableException">
            <message>
              <![CDATA[element not interactable
  (Session info: chrome=103.0.5060.114)
Build info: version: '3.5.3', revision: 'a88d25fe6b', time: '2017-08-29T12:42:44.417Z'
System info: host: 'DIGITAL-0099', ip: '172.23.2.102', os.name: 'Windows 10', os.arch: 'amd64', os.version: '10.0', java.version: '1.8.0_321'
Driver info: org.openqa.selenium.chrome.ChromeDriver
Capabilities [{networkConnectionEnabled=false, chrome={chromedriverVersion=103.0.5060.53 (a1711811edd74ff1cf2150f36ffa3b0dae40b17f-refs/branch-heads/5060@{#853}), userDataDir=C:\Users\a1354\AppData\Local\Temp\scoped_dir16172_1702418989}, timeouts={implicit=0, pageLoad=300000, script=30000}, pageLoadStrategy=normal, unhandledPromptBehavior=dismiss and notify, strictFileInteractability=false, platform=XP, proxy=Proxy(), goog:chromeOptions={debuggerAddress=localhost:54083}, webauthn:extension:credBlob=true, acceptInsecureCerts=false, browserVersion=103.0.5060.114, browserName=chrome, javascriptEnabled=true, platformName=XP, setWindowRect=true, webauthn:extension:largeBlob=true, webauthn:virtualAuthenticators=true}]
Session ID: face0cba000fa337900e17dda0e89a73]]>
            </message>
            <full-stacktrace>
              <![CDATA[org.openqa.selenium.ElementNotInteractableException: element not interactable
  (Session info: chrome=103.0.5060.114)
Build info: version: '3.5.3', revision: 'a88d25fe6b', time: '2017-08-29T12:42:44.417Z'
System info: host: 'DIGITAL-0099', ip: '172.23.2.102', os.name: 'Windows 10', os.arch: 'amd64', os.version: '10.0', java.version: '1.8.0_321'
Driver info: org.openqa.selenium.chrome.ChromeDriver
Capabilities [{networkConnectionEnabled=false, chrome={chromedriverVersion=103.0.5060.53 (a1711811edd74ff1cf2150f36ffa3b0dae40b17f-refs/branch-heads/5060@{#853}), userDataDir=C:\Users\a1354\AppData\Local\Temp\scoped_dir16172_1702418989}, timeouts={implicit=0, pageLoad=300000, script=30000}, pageLoadStrategy=normal, unhandledPromptBehavior=dismiss and notify, strictFileInteractability=false, platform=XP, proxy=Proxy(), goog:chromeOptions={debuggerAddress=localhost:54083}, webauthn:extension:credBlob=true, acceptInsecureCerts=false, browserVersion=103.0.5060.114, browserName=chrome, javascriptEnabled=true, platformName=XP, setWindowRect=true, webauthn:extension:largeBlob=true, webauthn:virtualAuthenticators=true}]
Session ID: face0cba000fa337900e17dda0e89a73
	at sun.reflect.NativeConstructorAccessorImpl.newInstance0(Native Method)
	at sun.reflect.NativeConstructorAccessorImpl.newInstance(Unknown Source)
	at sun.reflect.DelegatingConstructorAccessorImpl.newInstance(Unknown Source)
	at java.lang.reflect.Constructor.newInstance(Unknown Source)
	at org.openqa.selenium.remote.http.W3CHttpResponseCodec.createException(W3CHttpResponseCodec.java:185)
	at org.openqa.selenium.remote.http.W3CHttpResponseCodec.decode(W3CHttpResponseCodec.java:120)
	at org.openqa.selenium.remote.http.W3CHttpResponseCodec.decode(W3CHttpResponseCodec.java:49)
	at org.openqa.selenium.remote.HttpCommandExecutor.execute(HttpCommandExecutor.java:164)
	at org.openqa.selenium.remote.service.DriverCommandExecutor.execute(DriverCommandExecutor.java:82)
	at org.openqa.selenium.remote.RemoteWebDriver.execute(RemoteWebDriver.java:646)
	at org.openqa.selenium.remote.RemoteWebElement.execute(RemoteWebElement.java:275)
	at org.openqa.selenium.remote.RemoteWebElement.click(RemoteWebElement.java:82)
	at sun.reflect.NativeMethodAccessorImpl.invoke0(Native Method)
	at sun.reflect.NativeMethodAccessorImpl.invoke(Unknown Source)
	at sun.reflect.DelegatingMethodAccessorImpl.invoke(Unknown Source)
	at java.lang.reflect.Method.invoke(Unknown Source)
	at org.openqa.selenium.support.pagefactory.internal.LocatingElementHandler.invoke(LocatingElementHandler.java:51)
	at com.sun.proxy.$Proxy10.click(Unknown Source)
	at org.run.Old_Vehicle_Internal.testCase(Old_Vehicle_Internal.java:57)
	at org.run.Old_Vehicle.row1(Old_Vehicle.java:67)
	at sun.reflect.NativeMethodAccessorImpl.invoke0(Native Method)
	at sun.reflect.NativeMethodAccessorImpl.invoke(Unknown Source)
	at sun.reflect.DelegatingMethodAccessorImpl.invoke(Unknown Source)
	at java.lang.reflect.Method.invoke(Unknown Source)
	at org.testng.internal.MethodInvocationHelper.invokeMethod(MethodInvocationHelper.java:104)
	at org.testng.internal.Invoker.invokeMethod(Invoker.java:645)
	at org.testng.internal.Invoker.invokeTestMethod(Invoker.java:851)
	at org.testng.internal.Invoker.invokeTestMethods(Invoker.java:1177)
	at org.testng.internal.TestMethodWorker.invokeTestMethods(TestMethodWorker.java:129)
	at org.testng.internal.TestMethodWorker.run(TestMethodWorker.java:112)
	at org.testng.TestRunner.privateRun(TestRunner.java:756)
	at org.testng.TestRunner.run(TestRunner.java:610)
	at org.testng.SuiteRunner.runTest(SuiteRunner.java:387)
	at org.testng.SuiteRunner.runSequentially(SuiteRunner.java:382)
	at org.testng.SuiteRunner.privateRun(SuiteRunner.java:340)
	at org.testng.SuiteRunner.run(SuiteRunner.java:289)
	at org.testng.SuiteRunnerWorker.runSuite(SuiteRunnerWorker.java:52)
	at org.testng.SuiteRunnerWorker.run(SuiteRunnerWorker.java:86)
	at org.testng.TestNG.runSuitesSequentially(TestNG.java:1293)
	at org.testng.TestNG.runSuitesLocally(TestNG.java:1218)
	at org.testng.TestNG.runSuites(TestNG.java:1133)
	at org.testng.TestNG.run(TestNG.java:1104)
	at pkg.RunClass.main(RunClass.java:19)
]]>
            </full-stacktrace>
          </exception> <!-- org.openqa.selenium.ElementNotInteractableException -->
          <reporter-output>
          </reporter-output>
        </test-method> <!-- row1 -->
      </class> <!-- org.run.Old_Vehicle -->
    </test> <!-- Test -->
  </suite> <!-- Suite -->
</testng-results>
